<?xml version="1.0" encoding="UTF-8"?>
<testng-results skipped="0" failed="0" ignored="0" total="9" passed="9">
  <reporter-output>
    <line>
      <![CDATA[Mark Complete not found skipping]]>
    </line>
    <line>
      <![CDATA[Total no of courses on the Page - 3]]>
    </line>
    <line>
      <![CDATA[Message displayed after submission - Thanks for contacting us! We will be in touch with you shortly.]]>
    </line>
  </reporter-output>
  <suite name="Default suite" duration-ms="96023" started-at="2020-07-08T23:42:15 IST" finished-at="2020-07-08T23:43:51 IST">
    <groups>
    </groups>
    <test name="Default test" duration-ms="96023" started-at="2020-07-08T23:42:15 IST" finished-at="2020-07-08T23:43:51 IST">
      <class name="TestCases.VerifyLMSApplication">
        <test-method status="PASS" signature="openApplication()[pri:0, instance:TestCases.VerifyLMSApplication@1d16f93d]" name="openApplication" is-config="true" duration-ms="8714" started-at="2020-07-08T23:42:15 IST" finished-at="2020-07-08T23:42:23 IST">
          <reporter-output>
          </reporter-output>
        </test-method> <!-- openApplication -->
        <test-method status="PASS" signature="clickOnMyAccount()[pri:0, instance:TestCases.VerifyLMSApplication@1d16f93d]" name="clickOnMyAccount" duration-ms="887" started-at="2020-07-08T23:42:23 IST" finished-at="2020-07-08T23:42:24 IST">
          <reporter-output>
          </reporter-output>
        </test-method> <!-- clickOnMyAccount -->
        <test-method status="PASS" signature="CloseApplication()[pri:0, instance:TestCases.VerifyLMSApplication@1d16f93d]" name="CloseApplication" is-config="true" duration-ms="1072" started-at="2020-07-08T23:42:24 IST" finished-at="2020-07-08T23:42:25 IST">
          <reporter-output>
          </reporter-output>
        </test-method> <!-- CloseApplication -->
        <test-method status="PASS" signature="openApplication()[pri:0, instance:TestCases.VerifyLMSApplication@1d16f93d]" name="openApplication" is-config="true" duration-ms="7642" started-at="2020-07-08T23:42:25 IST" finished-at="2020-07-08T23:42:33 IST">
          <reporter-output>
          </reporter-output>
        </test-method> <!-- openApplication -->
        <test-method status="PASS" signature="completeSimpleLesson()[pri:0, instance:TestCases.VerifyLMSApplication@1d16f93d]" name="completeSimpleLesson" duration-ms="7770" started-at="2020-07-08T23:42:33 IST" finished-at="2020-07-08T23:42:41 IST">
          <reporter-output>
            <line>
              <![CDATA[Mark Complete not found skipping]]>
            </line>
          </reporter-output>
        </test-method> <!-- completeSimpleLesson -->
        <test-method status="PASS" signature="CloseApplication()[pri:0, instance:TestCases.VerifyLMSApplication@1d16f93d]" name="CloseApplication" is-config="true" duration-ms="1210" started-at="2020-07-08T23:42:41 IST" finished-at="2020-07-08T23:42:42 IST">
          <reporter-output>
          </reporter-output>
        </test-method> <!-- CloseApplication -->
        <test-method status="PASS" signature="openApplication()[pri:0, instance:TestCases.VerifyLMSApplication@1d16f93d]" name="openApplication" is-config="true" duration-ms="7180" started-at="2020-07-08T23:42:42 IST" finished-at="2020-07-08T23:42:49 IST">
          <reporter-output>
          </reporter-output>
        </test-method> <!-- openApplication -->
        <test-method status="PASS" signature="loginToApplication()[pri:0, instance:TestCases.VerifyLMSApplication@1d16f93d]" name="loginToApplication" duration-ms="4655" started-at="2020-07-08T23:42:49 IST" finished-at="2020-07-08T23:42:54 IST">
          <reporter-output>
          </reporter-output>
        </test-method> <!-- loginToApplication -->
        <test-method status="PASS" signature="CloseApplication()[pri:0, instance:TestCases.VerifyLMSApplication@1d16f93d]" name="CloseApplication" is-config="true" duration-ms="1086" started-at="2020-07-08T23:42:54 IST" finished-at="2020-07-08T23:42:55 IST">
          <reporter-output>
          </reporter-output>
        </test-method> <!-- CloseApplication -->
        <test-method status="PASS" signature="openApplication()[pri:0, instance:TestCases.VerifyLMSApplication@1d16f93d]" name="openApplication" is-config="true" duration-ms="7060" started-at="2020-07-08T23:42:55 IST" finished-at="2020-07-08T23:43:02 IST">
          <reporter-output>
          </reporter-output>
        </test-method> <!-- openApplication -->
        <test-method status="PASS" signature="verifyAllCourses()[pri:0, instance:TestCases.VerifyLMSApplication@1d16f93d]" name="verifyAllCourses" duration-ms="1130" started-at="2020-07-08T23:43:02 IST" finished-at="2020-07-08T23:43:03 IST">
          <reporter-output>
            <line>
              <![CDATA[Total no of courses on the Page - 3]]>
            </line>
          </reporter-output>
        </test-method> <!-- verifyAllCourses -->
        <test-method status="PASS" signature="CloseApplication()[pri:0, instance:TestCases.VerifyLMSApplication@1d16f93d]" name="CloseApplication" is-config="true" duration-ms="1076" started-at="2020-07-08T23:43:03 IST" finished-at="2020-07-08T23:43:04 IST">
          <reporter-output>
          </reporter-output>
        </test-method> <!-- CloseApplication -->
        <test-method status="PASS" signature="openApplication()[pri:0, instance:TestCases.VerifyLMSApplication@1d16f93d]" name="openApplication" is-config="true" duration-ms="7696" started-at="2020-07-08T23:43:04 IST" finished-at="2020-07-08T23:43:12 IST">
          <reporter-output>
          </reporter-output>
        </test-method> <!-- openApplication -->
        <test-method status="PASS" signature="verifyContactUs()[pri:0, instance:TestCases.VerifyLMSApplication@1d16f93d]" name="verifyContactUs" duration-ms="2696" started-at="2020-07-08T23:43:12 IST" finished-at="2020-07-08T23:43:14 IST">
          <reporter-output>
            <line>
              <![CDATA[Message displayed after submission - Thanks for contacting us! We will be in touch with you shortly.]]>
            </line>
          </reporter-output>
        </test-method> <!-- verifyContactUs -->
        <test-method status="PASS" signature="CloseApplication()[pri:0, instance:TestCases.VerifyLMSApplication@1d16f93d]" name="CloseApplication" is-config="true" duration-ms="1101" started-at="2020-07-08T23:43:14 IST" finished-at="2020-07-08T23:43:16 IST">
          <reporter-output>
          </reporter-output>
        </test-method> <!-- CloseApplication -->
        <test-method status="PASS" signature="openApplication()[pri:0, instance:TestCases.VerifyLMSApplication@1d16f93d]" name="openApplication" is-config="true" duration-ms="7640" started-at="2020-07-08T23:43:16 IST" finished-at="2020-07-08T23:43:23 IST">
          <reporter-output>
          </reporter-output>
        </test-method> <!-- openApplication -->
        <test-method status="PASS" signature="verifyTextOfFirstInfoBox()[pri:0, instance:TestCases.VerifyLMSApplication@1d16f93d]" name="verifyTextOfFirstInfoBox" duration-ms="43" started-at="2020-07-08T23:43:23 IST" finished-at="2020-07-08T23:43:23 IST">
          <reporter-output>
          </reporter-output>
        </test-method> <!-- verifyTextOfFirstInfoBox -->
        <test-method status="PASS" signature="CloseApplication()[pri:0, instance:TestCases.VerifyLMSApplication@1d16f93d]" name="CloseApplication" is-config="true" duration-ms="1087" started-at="2020-07-08T23:43:23 IST" finished-at="2020-07-08T23:43:24 IST">
          <reporter-output>
          </reporter-output>
        </test-method> <!-- CloseApplication -->
        <test-method status="PASS" signature="openApplication()[pri:0, instance:TestCases.VerifyLMSApplication@1d16f93d]" name="openApplication" is-config="true" duration-ms="7121" started-at="2020-07-08T23:43:24 IST" finished-at="2020-07-08T23:43:31 IST">
          <reporter-output>
          </reporter-output>
        </test-method> <!-- openApplication -->
        <test-method status="PASS" signature="verifyTextOfSecondInfoBox()[pri:0, instance:TestCases.VerifyLMSApplication@1d16f93d]" name="verifyTextOfSecondInfoBox" duration-ms="42" started-at="2020-07-08T23:43:31 IST" finished-at="2020-07-08T23:43:32 IST">
          <reporter-output>
          </reporter-output>
        </test-method> <!-- verifyTextOfSecondInfoBox -->
        <test-method status="PASS" signature="CloseApplication()[pri:0, instance:TestCases.VerifyLMSApplication@1d16f93d]" name="CloseApplication" is-config="true" duration-ms="1372" started-at="2020-07-08T23:43:32 IST" finished-at="2020-07-08T23:43:33 IST">
          <reporter-output>
          </reporter-output>
        </test-method> <!-- CloseApplication -->
        <test-method status="PASS" signature="openApplication()[pri:0, instance:TestCases.VerifyLMSApplication@1d16f93d]" name="openApplication" is-config="true" duration-ms="7625" started-at="2020-07-08T23:43:33 IST" finished-at="2020-07-08T23:43:41 IST">
          <reporter-output>
          </reporter-output>
        </test-method> <!-- openApplication -->
        <test-method status="PASS" signature="verifyWebSiteHeader()[pri:0, instance:TestCases.VerifyLMSApplication@1d16f93d]" name="verifyWebSiteHeader" duration-ms="40" started-at="2020-07-08T23:43:41 IST" finished-at="2020-07-08T23:43:41 IST">
          <reporter-output>
          </reporter-output>
        </test-method> <!-- verifyWebSiteHeader -->
        <test-method status="PASS" signature="CloseApplication()[pri:0, instance:TestCases.VerifyLMSApplication@1d16f93d]" name="CloseApplication" is-config="true" duration-ms="1075" started-at="2020-07-08T23:43:41 IST" finished-at="2020-07-08T23:43:42 IST">
          <reporter-output>
          </reporter-output>
        </test-method> <!-- CloseApplication -->
        <test-method status="PASS" signature="openApplication()[pri:0, instance:TestCases.VerifyLMSApplication@1d16f93d]" name="openApplication" is-config="true" duration-ms="7827" started-at="2020-07-08T23:43:42 IST" finished-at="2020-07-08T23:43:49 IST">
          <reporter-output>
          </reporter-output>
        </test-method> <!-- openApplication -->
        <test-method status="PASS" signature="verifyWebSiteTitle()[pri:0, instance:TestCases.VerifyLMSApplication@1d16f93d]" name="verifyWebSiteTitle" duration-ms="11" started-at="2020-07-08T23:43:49 IST" finished-at="2020-07-08T23:43:49 IST">
          <reporter-output>
          </reporter-output>
        </test-method> <!-- verifyWebSiteTitle -->
        <test-method status="PASS" signature="CloseApplication()[pri:0, instance:TestCases.VerifyLMSApplication@1d16f93d]" name="CloseApplication" is-config="true" duration-ms="1104" started-at="2020-07-08T23:43:49 IST" finished-at="2020-07-08T23:43:51 IST">
          <reporter-output>
          </reporter-output>
        </test-method> <!-- CloseApplication -->
      </class> <!-- TestCases.VerifyLMSApplication -->
    </test> <!-- Default test -->
  </suite> <!-- Default suite -->
</testng-results>
