<?xml version="1.0" encoding="UTF-8"?>
<!-- Generated by org.testng.reporters.JUnitXMLReporter -->
<testsuite hostname="DESKTOP-CJ8B9OO" ignored="0" name="Default test" tests="9" failures="0" timestamp="2020-07-08T23:43:51 IST" time="96.023" errors="0">
  <testcase name="clickOnMyAccount" time="0.887" classname="TestCases.VerifyLMSApplication"/>
  <testcase name="completeSimpleLesson" time="7.77" classname="TestCases.VerifyLMSApplication"/>
  <testcase name="loginToApplication" time="4.655" classname="TestCases.VerifyLMSApplication"/>
  <testcase name="verifyAllCourses" time="1.13" classname="TestCases.VerifyLMSApplication"/>
  <testcase name="verifyContactUs" time="2.696" classname="TestCases.VerifyLMSApplication"/>
  <testcase name="verifyTextOfFirstInfoBox" time="0.043" classname="TestCases.VerifyLMSApplication"/>
  <testcase name="verifyTextOfSecondInfoBox" time="0.042" classname="TestCases.VerifyLMSApplication"/>
  <testcase name="verifyWebSiteHeader" time="0.04" classname="TestCases.VerifyLMSApplication"/>
  <testcase name="verifyWebSiteTitle" time="0.011" classname="TestCases.VerifyLMSApplication"/>
</testsuite> <!-- Default test -->
